0 info it worked if it ends with ok
1 verbose cli [ '/home/ubuntu/.nvm/versions/node/v4.6.1/bin/node',
1 verbose cli   '/home/ubuntu/.nvm/versions/node/v4.6.1/bin/npm',
1 verbose cli   'install',
1 verbose cli   'elexir' ]
2 info using npm@2.15.9
3 info using node@v4.6.1
4 verbose install initial load of /home/ubuntu/workspace/E-Commerce/package.json
5 verbose installManyTop reading scoped package data from /home/ubuntu/workspace/E-Commerce/node_modules/bootstrap-sass/package.json
6 verbose installManyTop reading scoped package data from /home/ubuntu/workspace/E-Commerce/node_modules/gulp/package.json
7 verbose installManyTop reading scoped package data from /home/ubuntu/workspace/E-Commerce/node_modules/laravel-elixir/package.json
8 verbose readDependencies loading dependencies from /home/ubuntu/workspace/E-Commerce/package.json
9 silly cache add args [ 'elexir', null ]
10 verbose cache add spec elexir
11 silly cache add parsed spec Result {
11 silly cache add   raw: 'elexir',
11 silly cache add   scope: null,
11 silly cache add   name: 'elexir',
11 silly cache add   rawSpec: '',
11 silly cache add   spec: 'latest',
11 silly cache add   type: 'tag' }
12 silly addNamed elexir@latest
13 verbose addNamed "latest" is being treated as a dist-tag for elexir
14 info addNameTag [ 'elexir', 'latest' ]
15 silly mapToRegistry name elexir
16 silly mapToRegistry using default registry
17 silly mapToRegistry registry https://registry.npmjs.org/
18 silly mapToRegistry data Result {
18 silly mapToRegistry   raw: 'elexir',
18 silly mapToRegistry   scope: null,
18 silly mapToRegistry   name: 'elexir',
18 silly mapToRegistry   rawSpec: '',
18 silly mapToRegistry   spec: 'latest',
18 silly mapToRegistry   type: 'tag' }
19 silly mapToRegistry uri https://registry.npmjs.org/elexir
20 verbose addNameTag registry:https://registry.npmjs.org/elexir not in flight; fetching
21 verbose request uri https://registry.npmjs.org/elexir
22 verbose request no auth needed
23 info attempt registry request try #1 at 6:32:33 AM
24 verbose request id e1f3ff9716ccb1f5
25 http request GET https://registry.npmjs.org/elexir
26 http 404 https://registry.npmjs.org/elexir
27 verbose headers { 'content-type': 'application/json',
27 verbose headers   'cache-control': 'max-age=0',
27 verbose headers   'content-length': '2',
27 verbose headers   'accept-ranges': 'bytes',
27 verbose headers   date: 'Sat, 26 Nov 2016 06:32:33 GMT',
27 verbose headers   via: '1.1 varnish',
27 verbose headers   age: '0',
27 verbose headers   connection: 'keep-alive',
27 verbose headers   'x-served-by': 'cache-ord1727-ORD',
27 verbose headers   'x-cache': 'MISS',
27 verbose headers   'x-cache-hits': '0',
27 verbose headers   'x-timer': 'S1480141953.199619,VS0,VE327',
27 verbose headers   vary: 'Accept-Encoding' }
28 silly get cb [ 404,
28 silly get   { 'content-type': 'application/json',
28 silly get     'cache-control': 'max-age=0',
28 silly get     'content-length': '2',
28 silly get     'accept-ranges': 'bytes',
28 silly get     date: 'Sat, 26 Nov 2016 06:32:33 GMT',
28 silly get     via: '1.1 varnish',
28 silly get     age: '0',
28 silly get     connection: 'keep-alive',
28 silly get     'x-served-by': 'cache-ord1727-ORD',
28 silly get     'x-cache': 'MISS',
28 silly get     'x-cache-hits': '0',
28 silly get     'x-timer': 'S1480141953.199619,VS0,VE327',
28 silly get     vary: 'Accept-Encoding' } ]
29 verbose stack Error: Registry returned 404 for GET on https://registry.npmjs.org/elexir
29 verbose stack     at makeError (/home/ubuntu/.nvm/versions/node/v4.6.1/lib/node_modules/npm/node_modules/npm-registry-client/lib/request.js:264:12)
29 verbose stack     at CachingRegistryClient.<anonymous> (/home/ubuntu/.nvm/versions/node/v4.6.1/lib/node_modules/npm/node_modules/npm-registry-client/lib/request.js:242:14)
29 verbose stack     at Request._callback (/home/ubuntu/.nvm/versions/node/v4.6.1/lib/node_modules/npm/node_modules/npm-registry-client/lib/request.js:172:14)
29 verbose stack     at Request.self.callback (/home/ubuntu/.nvm/versions/node/v4.6.1/lib/node_modules/npm/node_modules/request/request.js:200:22)
29 verbose stack     at emitTwo (events.js:87:13)
29 verbose stack     at Request.emit (events.js:172:7)
29 verbose stack     at Request.<anonymous> (/home/ubuntu/.nvm/versions/node/v4.6.1/lib/node_modules/npm/node_modules/request/request.js:1067:10)
29 verbose stack     at emitOne (events.js:82:20)
29 verbose stack     at Request.emit (events.js:169:7)
29 verbose stack     at IncomingMessage.<anonymous> (/home/ubuntu/.nvm/versions/node/v4.6.1/lib/node_modules/npm/node_modules/request/request.js:988:12)
30 verbose statusCode 404
31 verbose pkgid elexir
32 verbose cwd /home/ubuntu/workspace/E-Commerce
33 error Linux 4.2.0-c9
34 error argv "/home/ubuntu/.nvm/versions/node/v4.6.1/bin/node" "/home/ubuntu/.nvm/versions/node/v4.6.1/bin/npm" "install" "elexir"
35 error node v4.6.1
36 error npm  v2.15.9
37 error code E404
38 error 404 Registry returned 404 for GET on https://registry.npmjs.org/elexir
38 error 404
38 error 404 'elexir' is not in the npm registry.
38 error 404 You should bug the author to publish it (or use the name yourself!)
38 error 404
38 error 404 Note that you can also install from a
38 error 404 tarball, folder, http url, or git url.
39 verbose exit [ 1, true ]
